<?xml version="1.0" encoding="UTF-8"?>
<!-- Generated by org.testng.reporters.JUnitReportReporter -->
<testsuite hostname="Alexanders-MBP.fios-router.home" failures="0" tests="7" name="testNG_day02.DependencyTestUsingAnnotations" time="0.007" errors="0" timestamp="2023-09-11T19:37:56 EDT" skipped="0">
  <testcase classname="testNG_day02.DependencyTestUsingAnnotations" name="everTest" time="0.000"/>
  <testcase classname="testNG_day02.DependencyTestUsingAnnotations" name="alexTest" time="0.003"/>
  <testcase classname="testNG_day02.DependencyTestUsingAnnotations" name="anotherBoringTest" time="0.001"/>
  <testcase classname="testNG_day02.DependencyTestUsingAnnotations" name="enviromentTest" time="0.001"/>
  <testcase classname="testNG_day02.DependencyTestUsingAnnotations" name="gianinaTest" time="0.000"/>
  <testcase classname="testNG_day02.DependencyTestUsingAnnotations" name="shafkatTest" time="0.001"/>
  <testcase classname="testNG_day02.DependencyTestUsingAnnotations" name="testPrintMessage" time="0.001"/>
</testsuite> <!-- testNG_day02.DependencyTestUsingAnnotations -->
