<?xml version="1.0" encoding="UTF-8"?>
<!-- Generated by org.testng.reporters.JUnitReportReporter -->
<testsuite hostname="Alexanders-MBP" failures="0" tests="3" name="testNG_cohort15.testNG_day01.PrioritizeTests" time="0.001" errors="0" timestamp="2023-09-05T22:03:54 EDT" skipped="0">
  <testcase classname="testNG_cohort15.testNG_day01.PrioritizeTests" name="B" time="0.000"/>
  <testcase classname="testNG_cohort15.testNG_day01.PrioritizeTests" name="D" time="0.000"/>
  <testcase classname="testNG_cohort15.testNG_day01.PrioritizeTests" name="C" time="0.001"/>
</testsuite> <!-- testNG_cohort15.testNG_day01.PrioritizeTests -->
