<?xml version="1.0" encoding="UTF-8"?>
<!-- Generated by org.testng.reporters.JUnitReportReporter -->
<testsuite hostname="Alexanders-MBP.fios-router.home" failures="0" tests="1" name="testNG_day02.Param" time="0.003" errors="0" timestamp="2023-09-11T19:40:34 EDT" skipped="0">
  <testcase classname="testNG_day02.Param" name="sum" time="0.003"/>
</testsuite> <!-- testNG_day02.Param -->
