<?xml version="1.0" encoding="UTF-8"?>
<!-- Generated by org.testng.reporters.JUnitReportReporter -->
<testsuite hostname="Alexanders-MBP.fios-router.home" failures="0" tests="4" name="testNG_day01.PrioritizeTests" time="0.002" errors="0" timestamp="2023-09-11T19:51:08 EDT" skipped="0">
  <testcase classname="testNG_day01.PrioritizeTests" name="B" time="0.000"/>
  <testcase classname="testNG_day01.PrioritizeTests" name="D" time="0.000"/>
  <testcase classname="testNG_day01.PrioritizeTests" name="A" time="0.001"/>
  <testcase classname="testNG_day01.PrioritizeTests" name="C" time="0.001"/>
</testsuite> <!-- testNG_day01.PrioritizeTests -->
