<?xml version="1.0" encoding="UTF-8"?>
<!-- Generated by org.testng.reporters.JUnitReportReporter -->
<testsuite hostname="Alexanders-MBP" failures="0" tests="1" name="testNG_cohort15.testNG_day01.IgnoringTests" time="0.003" errors="0" timestamp="2023-09-05T22:03:54 EDT" skipped="0">
  <testcase classname="testNG_cohort15.testNG_day01.IgnoringTests" name="test2" time="0.003"/>
</testsuite> <!-- testNG_cohort15.testNG_day01.IgnoringTests -->
