<?xml version="1.0" encoding="UTF-8"?>
<!-- Generated by org.testng.reporters.JUnitReportReporter -->
<testsuite hostname="Alexanders-MacBook-Pro.local" failures="0" tests="1" name="testNG_cohort15.testNG_day02.AssertionsTesting" time="0.006" errors="0" timestamp="2023-09-06T20:34:26 EDT" skipped="0">
  <testcase classname="testNG_cohort15.testNG_day02.AssertionsTesting" name="test1" time="0.006">
    <system-out>
      <![CDATA[Verifying the title of the page]]>
    </system-out>
  </testcase> <!-- test1 -->
  <system-out>
    <![CDATA[Verifying the title of the page]]>
  </system-out>
</testsuite> <!-- testNG_cohort15.testNG_day02.AssertionsTesting -->
