<?xml version="1.0" encoding="UTF-8"?>
<!-- Generated by org.testng.reporters.JUnitReportReporter -->
<testsuite hostname="Alexanders-MBP.fios-router.home" failures="0" tests="1" name="testNG_day01.RunningTestSample" time="0.001" errors="0" timestamp="2023-09-11T19:15:53 EDT" skipped="0">
  <testcase classname="testNG_day01.RunningTestSample" name="test1" time="0.001"/>
</testsuite> <!-- testNG_day01.RunningTestSample -->
