<?xml version="1.0" encoding="UTF-8"?>
<!-- Generated by org.testng.reporters.JUnitReportReporter -->
<testsuite hostname="Alexanders-MBP.fios-router.home" failures="0" tests="2" name="testNG_day01.IgnoringTests" time="0.005" errors="0" timestamp="2023-09-11T19:51:08 EDT" skipped="0">
  <testcase classname="testNG_day01.IgnoringTests" name="test1" time="0.004"/>
  <testcase classname="testNG_day01.IgnoringTests" name="test2" time="0.001"/>
</testsuite> <!-- testNG_day01.IgnoringTests -->
