<?xml version="1.0" encoding="UTF-8"?>
<!-- Generated by org.testng.reporters.JUnitReportReporter -->
<testsuite hostname="Alexanders-MBP" failures="0" tests="2" name="testNG_day03.MultiBrowser" time="9.581" errors="0" timestamp="2023-09-12T19:02:45 EDT" skipped="0">
  <testcase classname="testNG_day03.MultiBrowser" name="searchItem" time="7.742"/>
  <testcase classname="testNG_day03.MultiBrowser" name="searchItem" time="1.839"/>
</testsuite> <!-- testNG_day03.MultiBrowser -->
