<?xml version="1.0" encoding="UTF-8"?>
<!-- Generated by org.testng.reporters.JUnitReportReporter -->
<testsuite hostname="Alexanders-MacBook-Pro.local" failures="0" tests="1" name="testNG_cohort15.testNG_day02.Multiplication" time="0.003" errors="0" timestamp="2023-09-06T20:18:52 EDT" skipped="0">
  <testcase classname="testNG_cohort15.testNG_day02.Multiplication" name="multiply" time="0.003"/>
</testsuite> <!-- testNG_cohort15.testNG_day02.Multiplication -->
