<?xml version="1.0" encoding="UTF-8"?>
<!-- Generated by org.testng.reporters.JUnitReportReporter -->
<testsuite hostname="Alexanders-MacBook-Pro.local" failures="0" tests="5" name="testNG_cohort15.testNG_day02.GroupingTests" time="0.007" errors="0" timestamp="2023-09-06T19:34:33 EDT" skipped="0">
  <testcase classname="testNG_cohort15.testNG_day02.GroupingTests" name="shafkatTest" time="0.000"/>
  <testcase classname="testNG_cohort15.testNG_day02.GroupingTests" name="anotherBoringTest" time="0.001"/>
  <testcase classname="testNG_cohort15.testNG_day02.GroupingTests" name="gianinaTest" time="0.001"/>
  <testcase classname="testNG_cohort15.testNG_day02.GroupingTests" name="alexTest" time="0.004"/>
  <testcase classname="testNG_cohort15.testNG_day02.GroupingTests" name="everTest" time="0.001"/>
</testsuite> <!-- testNG_cohort15.testNG_day02.GroupingTests -->
