<?xml version="1.0" encoding="UTF-8"?>
<!-- Generated by org.testng.reporters.JUnitReportReporter -->
<testsuite hostname="Alexanders-MacBook-Pro.local" failures="0" tests="2" name="testNG_cohort15.testNG_day02.DependencyTestUsingAnnotations" time="0.001" errors="0" timestamp="2023-09-06T19:34:33 EDT" skipped="0">
  <testcase classname="testNG_cohort15.testNG_day02.DependencyTestUsingAnnotations" name="enviromentTest" time="0.001"/>
  <testcase classname="testNG_cohort15.testNG_day02.DependencyTestUsingAnnotations" name="testPrintMessage" time="0.000"/>
</testsuite> <!-- testNG_cohort15.testNG_day02.DependencyTestUsingAnnotations -->
