<?xml version="1.0" encoding="UTF-8"?>
<!-- Generated by org.testng.reporters.JUnitReportReporter -->
<testsuite hostname="Alexanders-MBP" failures="0" tests="2" name="testNG_day03.ParallelTest" time="20.686" errors="0" timestamp="2023-09-12T19:04:20 EDT" skipped="0">
  <testcase classname="testNG_day03.ParallelTest" name="chromeTest" time="9.583"/>
  <testcase classname="testNG_day03.ParallelTest" name="safariTest" time="11.103"/>
</testsuite> <!-- testNG_day03.ParallelTest -->
